<?xml version="1.0" encoding="UTF-8"?>
<testsuite xmlns:xsi="http://www.w3.org/2001/XMLSchema-instance" xsi:noNamespaceSchemaLocation="https://maven.apache.org/surefire/maven-surefire-plugin/xsd/surefire-test-report.xsd" version="3.0.2" name="com.orangehub.springbootstarterapp.SpringbootstarterappApplicationTests" time="6.759" tests="1" errors="0" skipped="0" failures="0">
  <properties>
[...]
</properties>
  <testcase name="contextLoads" classname="com.orangehub.springbootstarterapp.SpringbootstarterappApplicationTests" time="1.671">
    <system-out><![CDATA[13:41:19.836 [main] INFO org.springframework.test.context.support.AnnotationConfigContextLoaderUtils -- Could not detect default configuration classes for test class [com.orangehub.springbootstarterapp.SpringbootstarterappApplicationTests]: SpringbootstarterappApplicationTests does not declare any static, non-private, non-final, nested classes annotated with @Configuration.
13:41:20.101 [main] INFO org.springframework.boot.test.context.SpringBootTestContextBootstrapper -- Found @SpringBootConfiguration com.orangehub.springbootstarterapp.SpringbootstarterappApplication for test class com.orangehub.springbootstarterapp.SpringbootstarterappApplicationTests

  .   ____          _            __ _ _
 /\\ / ___'_ __ _ _(_)_ __  __ _ \ \ \ \
( ( )\___ | '_ | '_| | '_ \/ _` | \ \ \ \
 \\/  ___)| |_)| | | | | || (_| |  ) ) ) )
  '  |____| .__|_| |_|_| |_\__, | / / / /
 =========|_|==============|___/=/_/_/_/

 :: Spring Boot ::                (v3.4.1)

2024-12-22T13:41:21.210Z  INFO 1761 --- [springbootstarterapp] [           main] o.s.SpringbootstarterappApplicationTests : Starting SpringbootstarterappApplicationTests using Java 21.0.2 with PID 1761 (started by runner in /home/runner/springbootstarterapp)
2024-12-22T13:41:21.211Z  INFO 1761 --- [springbootstarterapp] [           main] o.s.SpringbootstarterappApplicationTests : No active profile set, falling back to 1 default profile: "default"
2024-12-22T13:41:24.609Z  INFO 1761 --- [springbootstarterapp] [           main] o.s.SpringbootstarterappApplicationTests : Started SpringbootstarterappApplicationTests in 4.304 seconds (process running for 6.008)
]]></system-out>
    <system-err><![CDATA[Mockito is currently self-attaching to enable the inline-mock-maker. This will no longer work in future releases of the JDK. Please add Mockito as an agent to your build what is described in Mockito's documentation: https://javadoc.io/doc/org.mockito/mockito-core/latest/org/mockito/Mockito.html#0.3
WARNING: A Java agent has been loaded dynamically (/home/runner/.m2/repository/net/bytebuddy/byte-buddy-agent/1.15.11/byte-buddy-agent-1.15.11.jar)
WARNING: If a serviceability tool is in use, please run with -XX:+EnableDynamicAgentLoading to hide this warning
WARNING: If a serviceability tool is not in use, please run with -Djdk.instrument.traceUsage for more information
WARNING: Dynamic loading of agents will be disallowed by default in a future release
]]></system-err>
  </testcase>
</testsuite>